SF:lib/features/habit_tracker/domain/entities/habit_entity.dart
DA:7,1
LF:1
LH:1
end_of_record
SF:lib/features/habit_tracker/presentation/bloc/habit_bloc.dart
DA:14,0
DA:15,0
DA:16,0
DA:17,0
DA:20,0
DA:21,0
DA:23,0
DA:24,0
DA:26,0
DA:30,0
DA:31,0
DA:32,0
DA:34,0
DA:35,0
DA:38,0
DA:39,0
DA:40,0
DA:42,0
DA:43,0
LF:19
LH:0
end_of_record
SF:lib/features/habit_tracker/presentation/bloc/habit_state.dart
DA:11,1
DA:16,0
LF:2
LH:1
end_of_record
SF:lib/features/habit_tracker/presentation/pages/home_page.dart
DA:12,1
DA:14,1
DA:15,1
DA:26,0
DA:27,0
DA:28,0
DA:29,0
DA:31,0
DA:35,0
DA:36,0
DA:39,1
DA:41,1
DA:42,2
DA:44,1
DA:48,1
DA:51,1
DA:52,1
DA:55,1
DA:56,0
DA:57,0
DA:58,0
DA:59,0
DA:64,1
DA:65,1
DA:66,0
DA:68,0
DA:70,0
DA:71,0
DA:72,0
DA:73,0
DA:77,0
DA:78,0
DA:79,0
DA:83,0
DA:85,0
DA:89,2
DA:93,1
DA:94,1
DA:95,1
DA:99,1
DA:100,4
DA:101,3
DA:102,3
DA:104,2
DA:105,2
DA:107,1
DA:108,1
DA:109,1
DA:110,1
DA:111,1
DA:112,2
DA:113,1
DA:114,2
DA:115,1
DA:118,1
DA:119,1
DA:120,1
DA:121,1
DA:122,2
DA:123,0
DA:124,0
DA:125,0
DA:129,1
DA:130,1
DA:131,4
DA:132,0
DA:133,0
DA:135,0
DA:147,1
DA:148,0
DA:150,1
LF:71
LH:42
end_of_record
SF:lib/features/habit_tracker/data/data_sources/local/habits_database.dart
DA:16,0
DA:17,0
DA:18,0
DA:20,0
DA:21,0
DA:29,0
DA:30,0
DA:31,0
DA:32,0
DA:35,0
DA:37,0
DA:38,0
DA:40,0
DA:45,0
DA:47,0
DA:48,0
DA:51,0
DA:53,0
DA:54,0
DA:57,0
LF:20
LH:0
end_of_record
SF:lib/features/habit_tracker/data/models/habit_model.dart
DA:7,0
DA:10,0
DA:11,0
DA:12,0
DA:13,0
DA:14,0
DA:19,0
DA:20,0
DA:21,0
DA:22,0
DA:23,0
DA:28,0
DA:29,0
DA:30,0
DA:31,0
DA:32,0
DA:36,0
DA:37,0
DA:38,0
DA:39,0
DA:40,0
LF:21
LH:0
end_of_record
SF:lib/features/habit_tracker/data/repositories/habit_repository_impl.dart
DA:11,0
DA:13,0
DA:15,0
DA:16,0
DA:19,0
DA:23,0
DA:26,0
DA:29,0
DA:34,0
DA:36,0
DA:37,0
LF:11
LH:0
end_of_record
SF:lib/features/habit_tracker/domain/use_cases/add_habit_usecase.dart
DA:7,0
DA:9,0
DA:10,0
LF:3
LH:0
end_of_record
SF:lib/features/habit_tracker/domain/use_cases/delete_habit_usecase.dart
DA:7,0
DA:9,0
DA:10,0
LF:3
LH:0
end_of_record
SF:lib/features/habit_tracker/domain/use_cases/get_habit_usecase.dart
DA:7,0
DA:9,0
DA:10,0
LF:3
LH:0
end_of_record
SF:lib/features/habit_tracker/presentation/bloc/habit_event.dart
DA:4,0
DA:8,0
DA:13,0
DA:14,0
DA:19,0
DA:20,0
LF:6
LH:0
end_of_record
SF:lib/features/habit_tracker/presentation/pages/add_habit_page.dart
DA:8,1
DA:10,0
DA:11,0
DA:20,0
DA:22,0
DA:23,0
DA:24,0
DA:28,0
DA:29,0
DA:30,0
DA:32,0
DA:33,0
DA:35,0
DA:36,0
DA:37,0
DA:39,0
DA:40,0
DA:43,0
DA:45,0
DA:46,0
DA:47,0
DA:49,0
DA:50,0
DA:54,0
DA:55,0
DA:56,0
DA:57,0
DA:58,0
DA:59,0
DA:60,0
DA:61,0
DA:64,0
LF:32
LH:1
end_of_record
SF:lib/features/habit_tracker/presentation/pages/detail_page.dart
DA:7,0
DA:9,0
DA:11,0
DA:12,0
DA:13,0
LF:5
LH:0
end_of_record
SF:lib/injection_container.dart
DA:10,0
DA:12,0
DA:14,0
DA:15,0
DA:18,0
DA:19,0
DA:23,0
DA:24,0
DA:26,0
DA:27,0
DA:29,0
DA:30,0
DA:34,0
DA:35,0
LF:14
LH:0
end_of_record
